<?xml version="1.0" encoding="UTF-8"?>
<!-- Generated by org.testng.reporters.JUnitXMLReporter -->
<testsuite ignored="5" hostname="DESKTOP-Q98T7TJ" failures="0" tests="3" name="Test" time="9.107" errors="0" timestamp="2023-12-29T11:53:05 IST">
  <testcase classname="testngtutorial.TestNG_8_Groups" name="facebook" time="1.262"/>
  <testcase classname="testngtutorial.TestNG_8_Groups" name="gmail" time="2.375"/>
  <testcase classname="testngtutorial.TestNG_8_Groups" name="twitter" time="2.912"/>
  <testcase classname="testngtutorial.TestNG_8_Groups" name="redmine" time="0.0">
    <ignored/>
  </testcase> <!-- redmine -->
  <testcase classname="testngtutorial.TestNG_8_Groups" name="selenium" time="0.0">
    <ignored/>
  </testcase> <!-- selenium -->
  <testcase classname="testngtutorial.TestNG_8_Groups" name="zomato" time="0.0">
    <ignored/>
  </testcase> <!-- zomato -->
  <testcase classname="testngtutorial.TestNG_8_Groups" name="google" time="0.0">
    <ignored/>
  </testcase> <!-- google -->
  <testcase classname="testngtutorial.TestNG_8_Groups" name="swiggy" time="0.0">
    <ignored/>
  </testcase> <!-- swiggy -->
</testsuite> <!-- Test -->
