<?xml version="1.0" encoding="UTF-8"?>
<testng-results ignored="0" total="1" passed="1" failed="0" skipped="0">
  <reporter-output>
  </reporter-output>
  <suite started-at="2024-01-02T11:46:15 IST" name="Default suite" finished-at="2024-01-02T11:46:23 IST" duration-ms="8006">
    <groups>
    </groups>
    <test started-at="2024-01-02T11:46:15 IST" name="Default test" finished-at="2024-01-02T11:46:23 IST" duration-ms="8006">
      <class name="log4jtutorial.Log4jDemo">
        <test-method signature="googlesearch()[pri:0, instance:log4jtutorial.Log4jDemo@4d465b11]" started-at="2024-01-02T11:46:15 IST" name="googlesearch" finished-at="2024-01-02T11:46:23 IST" duration-ms="7943" status="PASS">
          <reporter-output>
          </reporter-output>
        </test-method> <!-- googlesearch -->
      </class> <!-- log4jtutorial.Log4jDemo -->
    </test> <!-- Default test -->
  </suite> <!-- Default suite -->
</testng-results>
